<?xml version="1.0" encoding="UTF-8"?>
<!-- Generated by org.testng.reporters.JUnitReportReporter -->
<testsuite hostname="himanshu-pc" failures="0" tests="1" name="Login" time="57.043" errors="0" timestamp="2022-04-07T16:11:38 IST" skipped="0">
  <testcase classname="Login" name="registerUser" time="57.043"/>
  <system-out/>
</testsuite> <!-- Login -->
