<?xml version="1.0" encoding="UTF-8"?>
<!-- Generated by org.testng.reporters.JUnitReportReporter -->
<testsuite hostname="himanshu-pc" failures="0" tests="5" name="ExtentReport" time="11.081" errors="0" timestamp="2022-04-07T14:42:00 IST" skipped="0">
  <testcase classname="ExtentReport" name="clickOnlogin" time="0.109"/>
  <system-out/>
  <testcase classname="ExtentReport" name="Number" time="0.075"/>
  <system-out/>
  <testcase classname="ExtentReport" name="ContinueButton" time="0.113"/>
  <system-out/>
  <testcase classname="ExtentReport" name="PassCode" time="10.679"/>
  <system-out/>
  <testcase classname="ExtentReport" name="LogIn" time="0.105"/>
  <system-out/>
</testsuite> <!-- ExtentReport -->
