<?xml version="1.0" encoding="UTF-8"?>
<!-- Generated by org.testng.reporters.JUnitReportReporter -->
<testsuite hostname="himanshu-pc" failures="0" tests="1" name="Registration" time="16.332" errors="0" timestamp="2022-04-07T15:02:31 IST" skipped="0">
  <testcase classname="Registration" name="registerUser" time="16.332"/>
  <system-out/>
</testsuite> <!-- Registration -->
